<?xml version="1.0" encoding="UTF-8"?>
<!-- Generated by org.testng.reporters.JUnitXMLReporter -->
<testsuite hostname="LAPTOP-FLHPVMKE" ignored="0" name="Default test" tests="5" failures="0" timestamp="03 Apr 2018 16:35:08 GMT" time="19.679" errors="0">
  <testcase name="WWHomeTitleCheck" time="12.098" classname="automation.TestProject.WWTestValidation"/>
  <testcase name="clickOnFind_A_Meeting" time="3.403" classname="automation.TestProject.WWTestValidation"/>
  <testcase name="enterSearchBox" time="1.408" classname="automation.TestProject.WWTestValidation"/>
  <testcase name="resultTitleMatch" time="1.674" classname="automation.TestProject.WWTestValidation"/>
  <testcase name="displayHoursofOperation" time="1.063" classname="automation.TestProject.WWTestValidation"/>
</testsuite> <!-- Default test -->
