<?xml version="1.0" encoding="UTF-8"?>
<testng-results skipped="0" failed="0" ignored="0" total="5" passed="5">
  <reporter-output>
  </reporter-output>
  <suite name="Default suite" duration-ms="19679" started-at="2018-04-03T16:34:48Z" finished-at="2018-04-03T16:35:08Z">
    <groups>
    </groups>
    <test name="Default test" duration-ms="19679" started-at="2018-04-03T16:34:48Z" finished-at="2018-04-03T16:35:08Z">
      <class name="automation.TestProject.WWTestValidation">
        <test-method status="PASS" signature="WWHomeTitleCheck()[pri:1, instance:automation.TestProject.WWTestValidation@5e5792a0]" name="WWHomeTitleCheck" duration-ms="12098" started-at="2018-04-03T16:34:48Z" finished-at="2018-04-03T16:35:00Z">
          <reporter-output>
          </reporter-output>
        </test-method> <!-- WWHomeTitleCheck -->
        <test-method status="PASS" signature="clickOnFind_A_Meeting()[pri:2, instance:automation.TestProject.WWTestValidation@5e5792a0]" name="clickOnFind_A_Meeting" duration-ms="3403" started-at="2018-04-03T16:35:00Z" finished-at="2018-04-03T16:35:04Z">
          <reporter-output>
          </reporter-output>
        </test-method> <!-- clickOnFind_A_Meeting -->
        <test-method status="PASS" signature="enterSearchBox()[pri:3, instance:automation.TestProject.WWTestValidation@5e5792a0]" name="enterSearchBox" duration-ms="1408" started-at="2018-04-03T16:35:04Z" finished-at="2018-04-03T16:35:05Z">
          <reporter-output>
          </reporter-output>
        </test-method> <!-- enterSearchBox -->
        <test-method status="PASS" signature="resultTitleMatch()[pri:4, instance:automation.TestProject.WWTestValidation@5e5792a0]" name="resultTitleMatch" duration-ms="1674" started-at="2018-04-03T16:35:05Z" finished-at="2018-04-03T16:35:07Z">
          <reporter-output>
          </reporter-output>
        </test-method> <!-- resultTitleMatch -->
        <test-method status="PASS" signature="displayHoursofOperation()[pri:5, instance:automation.TestProject.WWTestValidation@5e5792a0]" name="displayHoursofOperation" duration-ms="1063" started-at="2018-04-03T16:35:07Z" finished-at="2018-04-03T16:35:08Z">
          <reporter-output>
          </reporter-output>
        </test-method> <!-- displayHoursofOperation -->
      </class> <!-- automation.TestProject.WWTestValidation -->
    </test> <!-- Default test -->
  </suite> <!-- Default suite -->
</testng-results>
